<?xml version="1.0" encoding="UTF-8"?>
<testsuite name="com.mobiquityinc.service.MaxCostMinWeightStrategyTest" tests="3" skipped="0" failures="0" errors="0" timestamp="2018-10-21T12:41:22" hostname="Alireza-PC" time="0.004">
  <properties/>
  <testcase name="findLowerWeightWhenEqualCost" classname="com.mobiquityinc.service.MaxCostMinWeightStrategyTest" time="0.003"/>
  <testcase name="notFindWhenCouldNotFit" classname="com.mobiquityinc.service.MaxCostMinWeightStrategyTest" time="0.0"/>
  <testcase name="findMaxCost" classname="com.mobiquityinc.service.MaxCostMinWeightStrategyTest" time="0.001"/>
  <system-out><![CDATA[]]></system-out>
  <system-err><![CDATA[]]></system-err>
</testsuite>
